SF:lib/core/psychology/emotional_state.dart
DA:62,0
LF:1
LH:0
end_of_record
SF:lib/core/services/auth_service.dart
DA:5,4
DA:9,8
DA:15,4
DA:16,4
DA:20,4
DA:21,4
DA:23,0
DA:29,4
DA:32,4
DA:33,4
DA:36,0
DA:42,6
DA:45,3
DA:46,3
DA:47,3
DA:51,1
DA:52,1
LF:17
LH:15
end_of_record
SF:lib/core/security/secure_data_manager.dart
DA:22,1
DA:24,1
DA:25,3
DA:28,1
DA:29,2
DA:32,1
DA:34,2
DA:36,1
DA:39,0
DA:40,0
DA:50,1
DA:52,1
DA:53,2
DA:57,2
DA:58,1
DA:59,1
DA:62,1
DA:63,1
DA:67,1
DA:68,1
DA:71,1
DA:72,2
DA:76,2
DA:78,1
DA:81,1
DA:82,3
DA:87,1
DA:88,1
DA:89,2
DA:90,4
DA:94,1
DA:95,2
DA:96,3
DA:97,6
DA:103,1
DA:104,1
DA:105,1
DA:106,2
DA:114,1
DA:117,3
DA:118,3
DA:119,3
DA:120,3
DA:121,3
DA:131,1
DA:137,2
DA:138,1
DA:140,2
DA:141,4
DA:142,2
DA:145,1
DA:152,1
DA:157,1
DA:158,2
LF:54
LH:52
end_of_record
SF:lib/core/infrastructure/wing_logger.dart
DA:31,24
DA:44,0
DA:51,0
DA:56,8
DA:62,8
DA:66,0
DA:72,0
DA:76,1
DA:83,1
DA:87,1
DA:91,1
DA:98,1
DA:102,1
DA:106,8
DA:114,16
DA:115,8
DA:116,8
DA:118,8
DA:121,8
DA:124,8
DA:126,16
DA:133,0
DA:134,0
DA:135,0
DA:137,0
DA:142,8
DA:146,8
DA:148,8
DA:150,8
DA:152,2
DA:154,2
DA:156,1
DA:162,8
DA:169,24
DA:170,0
DA:172,24
DA:173,8
DA:178,0
DA:183,1
DA:194,1
DA:208,8
DA:218,0
DA:219,0
DA:220,0
DA:221,0
DA:223,0
DA:224,0
DA:225,0
DA:226,0
DA:248,0
DA:249,0
DA:250,0
DA:251,0
DA:252,0
DA:253,0
DA:254,0
LF:56
LH:31
end_of_record
SF:lib/features/mirror/presentation/screens/intelligence_lab_screen.dart
DA:14,1
DA:16,1
DA:17,1
DA:29,1
DA:31,1
DA:32,2
DA:35,1
DA:37,3
DA:38,2
DA:41,1
DA:44,1
DA:46,2
DA:47,1
DA:50,1
DA:51,1
DA:53,1
DA:54,1
DA:56,1
DA:57,1
DA:58,1
DA:60,1
DA:61,2
DA:62,1
DA:64,1
DA:65,1
DA:67,1
DA:69,1
DA:71,1
DA:72,1
DA:74,1
DA:75,1
DA:77,1
DA:87,2
DA:92,1
DA:102,1
DA:114,2
DA:115,1
DA:116,1
DA:117,2
DA:118,2
DA:119,1
DA:122,1
DA:132,1
DA:133,1
DA:134,1
DA:136,4
DA:150,2
DA:152,1
DA:163,2
DA:170,1
DA:171,1
DA:175,1
DA:177,0
DA:178,0
DA:179,0
DA:182,1
DA:186,1
DA:188,0
DA:189,0
DA:190,0
DA:193,1
DA:197,1
DA:199,0
DA:200,0
DA:201,0
DA:204,1
DA:210,0
DA:215,1
DA:223,1
DA:225,1
DA:227,1
DA:229,1
DA:230,1
DA:232,1
DA:236,1
DA:237,1
DA:238,1
DA:245,1
DA:247,1
DA:248,1
DA:250,1
DA:257,1
DA:262,1
DA:265,1
DA:275,2
DA:276,1
DA:277,1
DA:282,0
DA:285,1
DA:290,0
DA:295,1
DA:297,1
DA:298,1
DA:300,1
DA:302,1
DA:304,1
DA:306,1
DA:307,1
DA:308,1
DA:310,1
DA:313,1
DA:319,2
DA:322,1
DA:324,1
DA:326,1
DA:327,1
DA:330,1
DA:335,1
DA:336,1
DA:351,1
DA:353,1
DA:361,2
DA:364,1
DA:366,1
DA:368,1
DA:369,1
DA:372,1
DA:373,1
DA:374,1
DA:375,1
DA:376,1
DA:377,1
DA:378,1
DA:384,1
DA:385,1
DA:387,1
DA:388,1
DA:392,1
DA:397,2
DA:400,1
DA:401,2
DA:411,1
DA:414,1
DA:415,1
DA:421,1
DA:422,1
DA:423,1
DA:424,2
DA:435,1
DA:436,1
DA:437,2
DA:440,1
DA:441,0
DA:442,0
DA:443,0
DA:444,0
DA:445,0
DA:446,0
DA:447,0
DA:452,1
DA:460,0
DA:461,0
DA:462,0
DA:465,0
DA:467,0
DA:468,0
DA:471,0
DA:472,0
DA:473,0
DA:474,0
DA:476,0
DA:477,0
DA:478,0
DA:481,0
DA:482,0
DA:483,0
LF:166
LH:131
end_of_record
SF:lib/core/security/security_protocols.dart
DA:11,0
DA:15,1
DA:16,1
DA:24,2
DA:25,2
DA:29,1
DA:30,1
DA:34,2
DA:35,2
DA:37,1
DA:43,0
LF:11
LH:9
end_of_record
SF:lib/core/services/safety_box_service.dart
DA:18,2
DA:19,6
DA:20,2
DA:26,1
DA:32,1
DA:34,3
DA:36,2
DA:42,1
DA:43,2
DA:46,1
DA:47,1
DA:51,5
DA:54,1
DA:55,2
DA:61,1
DA:62,1
DA:63,2
DA:64,1
DA:66,2
DA:67,3
DA:68,6
DA:71,1
DA:75,1
DA:76,1
DA:77,2
DA:78,1
DA:80,2
DA:81,3
DA:82,6
DA:85,1
LF:30
LH:30
end_of_record
SF:lib/core/cognitive/psychological_context_manager.dart
DA:18,3
DA:19,9
DA:20,3
DA:27,2
DA:32,2
DA:34,6
DA:35,2
DA:37,4
DA:38,2
DA:40,2
DA:42,0
DA:43,0
DA:44,0
DA:48,4
DA:49,0
DA:52,4
DA:53,2
DA:57,2
DA:58,4
DA:62,4
DA:63,4
DA:64,3
DA:65,4
DA:68,4
DA:69,8
DA:73,2
DA:74,4
DA:77,1
DA:79,4
DA:80,1
DA:83,2
DA:84,2
DA:85,1
DA:86,1
DA:87,1
DA:88,1
DA:96,2
DA:98,8
DA:99,2
DA:101,4
DA:102,2
DA:104,4
DA:105,2
DA:106,6
DA:110,10
DA:112,2
DA:113,6
DA:114,0
DA:119,0
DA:120,0
DA:121,0
DA:122,0
DA:123,0
DA:124,0
DA:125,0
DA:127,0
DA:128,0
DA:130,0
DA:132,0
DA:134,0
DA:135,0
DA:136,0
DA:140,0
DA:142,0
DA:143,0
DA:144,0
LF:66
LH:43
end_of_record
SF:lib/core/infrastructure/living_documentation_system.dart
DA:77,0
DA:93,0
DA:94,0
DA:95,0
DA:96,0
DA:97,0
DA:98,0
DA:99,0
DA:100,0
DA:101,0
DA:102,0
DA:103,0
DA:104,0
DA:105,0
DA:145,0
DA:146,0
DA:147,0
DA:148,0
DA:149,0
DA:150,0
DA:151,0
DA:152,0
DA:153,0
DA:154,0
DA:155,0
DA:156,0
DA:157,0
DA:161,0
DA:173,0
DA:174,0
DA:175,0
DA:176,0
DA:177,0
DA:178,0
DA:179,0
DA:180,0
DA:181,0
DA:182,0
DA:183,0
DA:184,0
DA:185,0
DA:192,0
DA:232,0
DA:233,0
DA:234,0
DA:236,0
DA:238,0
DA:239,0
DA:240,0
DA:241,0
DA:242,0
DA:243,0
DA:244,0
DA:246,0
DA:247,0
DA:248,0
DA:249,0
DA:254,0
DA:255,0
DA:257,0
DA:258,0
DA:259,0
DA:262,0
DA:265,0
DA:268,0
DA:271,0
DA:275,0
DA:281,0
DA:283,0
DA:285,0
DA:286,0
DA:289,0
DA:299,0
DA:300,0
DA:304,0
DA:305,0
DA:309,0
DA:310,0
DA:314,0
DA:317,0
DA:320,0
DA:322,0
DA:323,0
DA:325,0
DA:335,0
DA:336,0
DA:338,0
DA:344,0
DA:346,0
DA:348,0
DA:349,0
DA:350,0
DA:351,0
DA:352,0
DA:353,0
DA:357,0
DA:359,0
DA:364,0
DA:375,0
DA:376,0
DA:378,0
DA:394,0
DA:397,0
DA:399,0
DA:402,0
DA:408,0
DA:419,0
DA:421,0
DA:425,0
DA:427,0
DA:439,0
DA:442,0
DA:444,0
DA:446,0
DA:452,0
DA:454,0
DA:456,0
DA:460,0
DA:463,0
DA:466,0
DA:467,0
DA:470,0
DA:472,0
DA:478,0
DA:486,0
DA:488,0
DA:489,0
DA:493,0
DA:494,0
DA:495,0
DA:496,0
DA:498,0
DA:499,0
DA:504,0
DA:507,0
DA:510,0
DA:513,0
DA:522,0
DA:523,0
DA:524,0
DA:530,0
DA:535,0
DA:536,0
DA:537,0
DA:539,0
DA:540,0
DA:544,0
DA:545,0
DA:547,0
DA:548,0
DA:549,0
DA:550,0
DA:552,0
DA:553,0
DA:554,0
DA:555,0
DA:556,0
DA:557,0
DA:560,0
DA:561,0
DA:562,0
DA:568,0
DA:569,0
DA:571,0
DA:576,0
DA:577,0
DA:578,0
DA:580,0
DA:581,0
DA:582,0
DA:583,0
DA:584,0
DA:586,0
DA:587,0
DA:588,0
DA:591,0
DA:592,0
DA:593,0
DA:595,0
DA:596,0
DA:598,0
DA:599,0
DA:600,0
DA:602,0
DA:603,0
DA:604,0
DA:605,0
DA:606,0
DA:607,0
DA:608,0
DA:610,0
DA:614,0
DA:618,0
DA:620,0
DA:621,0
DA:622,0
DA:624,0
DA:629,0
DA:630,0
DA:632,0
DA:633,0
DA:637,0
DA:638,0
DA:639,0
DA:640,0
DA:641,0
DA:647,0
DA:649,0
DA:651,0
DA:653,0
DA:655,0
DA:657,0
DA:659,0
DA:661,0
DA:663,0
DA:669,0
DA:671,0
DA:673,0
DA:675,0
DA:677,0
DA:679,0
DA:685,0
DA:687,0
DA:689,0
DA:691,0
DA:693,0
DA:702,0
DA:709,0
DA:710,0
DA:719,0
DA:722,0
DA:723,0
DA:725,0
DA:730,0
DA:738,0
DA:739,0
DA:748,0
DA:751,0
DA:752,0
DA:754,0
DA:755,0
DA:764,0
DA:769,0
DA:770,0
DA:776,0
DA:779,0
DA:780,0
DA:782,0
DA:783,0
LF:249
LH:0
end_of_record
SF:lib/core/infrastructure/sef_governance_system.dart
DA:71,0
DA:84,0
DA:85,0
DA:86,0
DA:87,0
DA:88,0
DA:89,0
DA:90,0
DA:91,0
DA:92,0
DA:93,0
DA:94,0
DA:125,0
DA:126,0
DA:127,0
DA:128,0
DA:129,0
DA:130,0
DA:131,0
DA:132,0
DA:133,0
DA:134,0
DA:141,0
DA:143,0
DA:145,0
DA:148,0
DA:156,0
DA:157,0
DA:161,0
DA:162,0
DA:165,0
DA:168,0
DA:172,0
DA:174,0
DA:180,0
DA:181,0
DA:183,0
DA:189,0
DA:193,0
DA:194,0
DA:195,0
DA:197,0
DA:198,0
DA:199,0
DA:202,0
DA:205,0
DA:210,0
DA:219,0
DA:220,0
DA:223,0
DA:231,0
DA:244,0
DA:247,0
DA:250,0
DA:253,0
DA:255,0
DA:260,0
DA:263,0
DA:264,0
DA:265,0
DA:266,0
DA:270,0
DA:277,0
DA:278,0
DA:279,0
DA:280,0
DA:281,0
DA:285,0
DA:287,0
DA:288,0
DA:289,0
DA:291,0
DA:296,0
DA:299,0
DA:300,0
DA:304,0
DA:307,0
DA:309,0
DA:314,0
DA:315,0
DA:322,0
DA:329,0
DA:331,0
DA:333,0
DA:335,0
DA:341,0
DA:348,0
DA:349,0
DA:350,0
DA:351,0
DA:352,0
DA:353,0
DA:355,0
DA:358,0
DA:362,0
DA:364,0
DA:365,0
DA:366,0
DA:368,0
DA:369,0
DA:370,0
DA:371,0
DA:372,0
DA:373,0
DA:374,0
DA:377,0
DA:378,0
DA:379,0
DA:380,0
DA:381,0
DA:383,0
DA:387,0
DA:392,0
DA:394,0
DA:396,0
DA:398,0
DA:399,0
DA:404,0
DA:406,0
DA:407,0
DA:409,0
DA:411,0
DA:413,0
DA:414,0
DA:416,0
DA:421,0
DA:423,0
DA:424,0
DA:425,0
DA:426,0
DA:427,0
DA:428,0
DA:429,0
DA:432,0
DA:433,0
DA:438,0
DA:441,0
DA:450,0
DA:457,0
DA:460,0
DA:461,0
DA:468,0
DA:474,0
DA:477,0
DA:478,0
DA:485,0
DA:492,0
DA:495,0
DA:496,0
DA:506,0
DA:513,0
DA:516,0
DA:517,0
DA:524,0
DA:530,0
DA:533,0
DA:534,0
LF:157
LH:0
end_of_record
SF:lib/core/services/sensory_feedback_service.dart
DA:8,0
DA:12,0
DA:13,0
DA:15,0
DA:20,0
DA:21,0
DA:22,0
DA:27,0
DA:28,0
DA:29,0
DA:30,0
DA:35,0
DA:36,0
LF:13
LH:0
end_of_record
SF:lib/core/cognitive/emotional_gravity_engine.dart
DA:16,1
DA:39,0
DA:42,0
DA:48,0
DA:52,0
DA:57,0
DA:60,0
DA:62,0
DA:64,0
DA:66,0
DA:79,0
DA:82,0
DA:87,0
DA:101,1
DA:109,2
DA:110,2
DA:112,1
DA:125,1
DA:126,0
DA:129,5
DA:132,1
DA:133,1
DA:139,1
DA:142,1
DA:144,0
DA:146,1
DA:148,0
DA:150,1
DA:152,0
DA:154,1
DA:156,1
DA:158,0
DA:160,0
DA:164,0
DA:167,1
DA:168,3
LF:36
LH:17
end_of_record
SF:lib/core/models/message_template.g.dart
DA:13,0
DA:15,0
DA:16,0
DA:17,0
DA:19,0
DA:20,0
DA:21,0
DA:22,0
DA:23,0
DA:24,0
DA:25,0
DA:26,0
DA:27,0
DA:28,0
DA:29,0
DA:30,0
DA:31,0
DA:32,0
DA:36,0
DA:39,0
DA:40,0
DA:41,0
DA:42,0
DA:43,0
DA:44,0
DA:45,0
DA:46,0
DA:47,0
DA:48,0
DA:49,0
DA:50,0
DA:51,0
DA:52,0
DA:53,0
DA:54,0
DA:55,0
DA:56,0
DA:57,0
DA:58,0
DA:59,0
DA:60,0
DA:61,0
DA:62,0
DA:63,0
DA:64,0
DA:65,0
DA:68,0
DA:69,0
DA:71,0
DA:74,0
DA:75,0
DA:76,0
LF:52
LH:0
end_of_record
SF:lib/core/models/message_template.dart
DA:18,2
DA:32,2
DA:35,0
DA:36,0
DA:37,0
DA:38,0
DA:39,0
DA:40,0
DA:41,0
DA:42,0
DA:43,0
DA:44,0
DA:45,0
DA:46,0
DA:48,0
DA:49,0
DA:50,0
DA:51,0
DA:53,0
DA:55,0
DA:56,0
DA:112,0
DA:113,0
DA:114,0
DA:115,0
DA:116,0
DA:117,0
DA:118,0
DA:119,0
DA:120,0
DA:121,0
DA:122,0
DA:123,0
DA:124,0
DA:125,0
DA:129,0
DA:144,0
DA:145,0
DA:146,0
DA:147,0
DA:148,0
DA:149,0
DA:150,0
DA:151,0
DA:152,0
DA:153,0
DA:154,0
DA:155,0
DA:156,0
DA:157,0
DA:161,0
DA:162,0
DA:163,0
DA:164,0
DA:168,0
DA:169,0
DA:170,0
DA:174,0
DA:175,0
DA:176,0
DA:177,0
DA:182,0
DA:183,0
DA:184,0
DA:188,0
DA:189,0
DA:190,0
DA:194,0
DA:195,0
DA:196,0
DA:197,0
DA:202,0
DA:203,0
DA:204,0
DA:205,0
DA:207,0
DA:208,0
DA:210,0
DA:211,0
DA:213,0
DA:214,0
DA:216,0
DA:217,0
DA:225,0
DA:226,0
DA:227,0
DA:228,0
DA:229,0
DA:230,0
DA:231,0
DA:234,0
DA:237,0
DA:240,0
DA:241,0
DA:244,0
DA:245,0
DA:246,0
DA:247,0
LF:98
LH:2
end_of_record
SF:lib/core/services/db_service.dart
DA:15,4
DA:16,12
DA:17,12
DA:23,16
DA:26,4
DA:27,12
DA:31,2
DA:32,4
DA:38,3
DA:39,9
DA:42,3
DA:43,9
DA:47,1
DA:48,2
LF:14
LH:14
end_of_record
SF:lib/core/services/emotional_message_service.dart
DA:10,1
DA:14,1
DA:29,0
DA:33,0
DA:35,0
DA:44,0
DA:45,0
DA:46,0
DA:47,0
DA:49,0
DA:50,0
DA:51,0
DA:52,0
DA:53,0
DA:57,0
DA:58,0
DA:59,0
DA:60,0
DA:61,0
DA:63,0
DA:65,0
DA:74,0
DA:75,0
DA:82,0
DA:85,0
DA:91,0
DA:94,0
DA:100,0
DA:103,0
DA:109,0
DA:112,0
DA:119,0
LF:32
LH:2
end_of_record
SF:lib/core/services/notification_service.dart
DA:13,0
DA:26,0
DA:29,0
DA:36,0
DA:56,0
DA:66,0
DA:67,0
DA:71,0
DA:72,0
LF:9
LH:0
end_of_record
SF:lib/core/models/interaction_models.dart
DA:30,1
DA:57,0
DA:75,0
DA:77,0
DA:79,0
DA:80,0
LF:6
LH:1
end_of_record
SF:lib/core/cognitive/relational_analytics_service.dart
DA:9,1
DA:12,1
DA:21,1
DA:22,1
DA:23,1
DA:24,1
DA:26,1
DA:34,1
DA:35,2
DA:39,3
DA:40,3
DA:41,1
DA:43,1
DA:45,2
DA:48,2
DA:51,5
DA:53,1
DA:56,1
DA:57,2
DA:60,1
DA:61,5
DA:63,2
DA:64,2
DA:65,2
DA:67,3
DA:69,2
DA:72,1
DA:73,1
DA:74,2
DA:75,1
DA:76,1
DA:77,3
DA:81,1
DA:83,1
DA:84,5
DA:85,1
DA:88,1
DA:93,1
DA:95,1
DA:96,1
DA:97,1
DA:98,1
DA:101,1
DA:102,0
DA:103,1
DA:104,0
DA:107,2
DA:108,1
DA:109,1
DA:110,0
DA:120,3
LF:51
LH:48
end_of_record
SF:lib/core/cognitive/resonance_engine.dart
DA:15,1
DA:22,1
DA:23,3
DA:24,1
DA:28,1
DA:29,1
DA:36,3
DA:37,1
DA:40,2
DA:46,2
DA:47,2
DA:48,1
DA:52,1
DA:58,1
DA:61,1
DA:63,2
DA:64,1
DA:71,1
DA:80,1
DA:84,1
DA:87,2
DA:88,1
DA:89,1
DA:90,1
DA:93,2
DA:94,0
DA:95,0
DA:98,2
DA:99,1
DA:100,0
DA:103,2
DA:104,0
DA:105,0
DA:113,3
LF:34
LH:29
end_of_record
SF:lib/core/models/gratitude_entry_model.dart
DA:9,5
DA:33,2
DA:39,2
DA:40,2
DA:41,0
DA:42,2
DA:43,2
LF:7
LH:6
end_of_record
SF:lib/core/models/gratitude_entry_model.g.dart
DA:13,0
DA:15,0
DA:16,0
DA:17,0
DA:19,0
DA:20,0
DA:21,0
DA:22,0
DA:23,0
DA:27,3
DA:30,3
DA:31,3
DA:32,6
DA:33,3
DA:34,6
DA:35,3
DA:36,6
DA:37,3
DA:38,6
DA:41,0
DA:42,0
DA:44,0
DA:47,0
DA:48,0
DA:49,0
LF:25
LH:10
end_of_record
SF:lib/core/models/memory_model.g.dart
DA:13,0
DA:15,0
DA:16,0
DA:17,0
DA:19,0
DA:20,0
DA:21,0
DA:22,0
DA:23,0
DA:24,0
DA:25,0
DA:26,0
DA:27,0
DA:31,4
DA:34,4
DA:35,4
DA:36,8
DA:37,4
DA:38,8
DA:39,4
DA:40,8
DA:41,4
DA:42,8
DA:43,4
DA:44,8
DA:45,4
DA:46,8
DA:47,4
DA:48,8
DA:49,4
DA:50,8
DA:53,0
DA:54,0
DA:56,0
DA:59,0
DA:60,0
DA:61,0
LF:37
LH:18
end_of_record
SF:lib/core/models/memory_model.dart
DA:12,5
DA:56,3
DA:66,3
DA:67,3
DA:68,0
DA:69,3
DA:70,3
DA:71,3
DA:72,3
DA:73,3
DA:74,3
DA:78,1
DA:79,2
DA:84,10
LF:14
LH:13
end_of_record
